<?xml version="1.0" encoding="UTF-8"?>
<testsuite xmlns:xsi="http://www.w3.org/2001/XMLSchema-instance" xsi:noNamespaceSchemaLocation="https://maven.apache.org/surefire/maven-surefire-plugin/xsd/surefire-test-report-3.0.xsd" version="3.0" name="birds.BirdTest" time="0.049" tests="36" errors="0" skipped="0" failures="0">
  <properties>
[...]
</properties>
  <testcase name="testCreateExtinctShorebird" classname="birds.BirdTest" time="0.004"/>
  <testcase name="testBirdToString" classname="birds.BirdTest" time="0.0"/>
  <testcase name="testCreateValidShorebird" classname="birds.BirdTest" time="0.0"/>
  <testcase name="testCreateValidOwl" classname="birds.BirdTest" time="0.0"/>
  <testcase name="testCreateParrotWithZeroVocabulary" classname="birds.BirdTest" time="0.0"/>
  <testcase name="testCreateEagle" classname="birds.BirdTest" time="0.0"/>
  <testcase name="testCreateGoose" classname="birds.BirdTest" time="0.0"/>
  <testcase name="testWaterBirdToString" classname="birds.BirdTest" time="0.001"/>
  <testcase name="testCreateAfricanJacana" classname="birds.BirdTest" time="0.0"/>
  <testcase name="testPreferredFoodDefensiveCopy" classname="birds.BirdTest" time="0.0"/>
  <testcase name="testCreateValidWaterfowl" classname="birds.BirdTest" time="0.0"/>
  <testcase name="testBirdHashCode" classname="birds.BirdTest" time="0.0"/>
  <testcase name="testBirdOfPreyWithNullCharacteristic" classname="birds.BirdTest" time="0.0"/>
  <testcase name="testCreateValidFlightlessBird" classname="birds.BirdTest" time="0.0"/>
  <testcase name="testParrotWithNullFavoriteSaying" classname="birds.BirdTest" time="0.001"/>
  <testcase name="testBirdEquality" classname="birds.BirdTest" time="0.0"/>
  <testcase name="testBirdOfPreyWithTooFewFood" classname="birds.BirdTest" time="0.0"/>
  <testcase name="testCreateDove" classname="birds.BirdTest" time="0.0"/>
  <testcase name="testCreateKiwi" classname="birds.BirdTest" time="0.0"/>
  <testcase name="testCreateSwan" classname="birds.BirdTest" time="0.0"/>
  <testcase name="testParrotWithNegativeVocabulary" classname="birds.BirdTest" time="0.0"/>
  <testcase name="testCreateValidBirdOfPrey" classname="birds.BirdTest" time="0.0"/>
  <testcase name="testCreateValidParrot" classname="birds.BirdTest" time="0.0"/>
  <testcase name="testCreateValidPigeon" classname="birds.BirdTest" time="0.0"/>
  <testcase name="testBirdOfPreyWithTooManyFood" classname="birds.BirdTest" time="0.0"/>
  <testcase name="testParrotWithVocabularyOver100" classname="birds.BirdTest" time="0.0"/>
  <testcase name="testCreateExtinctFlightlessBird" classname="birds.BirdTest" time="0.0"/>
  <testcase name="testParrotToString" classname="birds.BirdTest" time="0.0"/>
  <testcase name="testBirdOfPreyWithNegativeWings" classname="birds.BirdTest" time="0.0"/>
  <testcase name="testExtinctBirdToString" classname="birds.BirdTest" time="0.0"/>
  <testcase name="testShorebirdWithEmptyWater" classname="birds.BirdTest" time="0.0"/>
  <testcase name="testShorebirdWithNullWater" classname="birds.BirdTest" time="0.0"/>
  <testcase name="testBirdOfPreyWithEmptyCharacteristic" classname="birds.BirdTest" time="0.0"/>
  <testcase name="testCreateParrotWithMaxVocabulary" classname="birds.BirdTest" time="0.001"/>
  <testcase name="testBirdOfPreyWithNullFood" classname="birds.BirdTest" time="0.0"/>
  <testcase name="testBirdOfPreyWithNullType" classname="birds.BirdTest" time="0.0"/>
</testsuite>